  [1m[35m (0.9ms)[0m  [1m[34mSELECT sqlite_version(*)[0m
  [1m[35m (0.0ms)[0m  [1m[34mSELECT sqlite_version(*)[0m
  [1m[35m (0.1ms)[0m  [1m[34mSELECT sqlite_version(*)[0m
  [1m[35m (0.1ms)[0m  [1m[34mSELECT sqlite_version(*)[0m
  [1m[35m (0.1ms)[0m  [1m[35mDROP TABLE IF EXISTS "aircrafts"[0m
  [1m[35m (232.9ms)[0m  [1m[35mCREATE TABLE "aircrafts" ("id" integer PRIMARY KEY AUTOINCREMENT NOT NULL, "model" varchar, "manufacturer" varchar, "category" varchar, "image" varchar, "speed" varchar, "range" varchar, "fuel" varchar, "price" varchar, "created_at" datetime(6) NOT NULL, "updated_at" datetime(6) NOT NULL)[0m
  [1m[35m (0.4ms)[0m  [1m[35mDROP TABLE IF EXISTS "tests"[0m
  [1m[35m (179.5ms)[0m  [1m[35mCREATE TABLE "tests" ("id" integer PRIMARY KEY AUTOINCREMENT NOT NULL, "date" varchar, "aircraft_id" integer NOT NULL, "user_id" integer NOT NULL, "created_at" datetime(6) NOT NULL, "updated_at" datetime(6) NOT NULL)[0m
  [1m[35m (138.6ms)[0m  [1m[35mCREATE  INDEX "index_tests_on_aircraft_id" ON "tests" ("aircraft_id")[0m
  [1m[35m (158.4ms)[0m  [1m[35mCREATE  INDEX "index_tests_on_user_id" ON "tests" ("user_id")[0m
  [1m[35m (0.3ms)[0m  [1m[35mDROP TABLE IF EXISTS "users"[0m
  [1m[35m (137.3ms)[0m  [1m[35mCREATE TABLE "users" ("id" integer PRIMARY KEY AUTOINCREMENT NOT NULL, "name" varchar, "created_at" datetime(6) NOT NULL, "updated_at" datetime(6) NOT NULL)[0m
  [1m[35m (0.1ms)[0m  [1m[36mbegin transaction[0m
  [1m[35m (0.2ms)[0m  [1m[35mPRAGMA foreign_keys[0m
  [1m[35m (0.2ms)[0m  [1m[35mPRAGMA defer_foreign_keys[0m
  [1m[35m (0.1ms)[0m  [1m[35mPRAGMA defer_foreign_keys = ON[0m
  [1m[35m (0.1ms)[0m  [1m[35mPRAGMA foreign_keys = OFF[0m
  [1m[35m (0.8ms)[0m  [1m[35mCREATE TEMPORARY TABLE "atests" ("id" integer NOT NULL PRIMARY KEY, "date" varchar DEFAULT NULL, "aircraft_id" integer NOT NULL, "user_id" integer NOT NULL, "created_at" datetime(6) NOT NULL, "updated_at" datetime(6) NOT NULL)[0m
  [1m[35m (0.5ms)[0m  [1m[35mCREATE  INDEX "tindex_atests_on_user_id" ON "atests" ("user_id")[0m
  [1m[35m (0.3ms)[0m  [1m[35mCREATE  INDEX "tindex_atests_on_aircraft_id" ON "atests" ("aircraft_id")[0m
  [1m[35m (0.2ms)[0m  [1m[32mINSERT INTO "atests" ("id","date","aircraft_id","user_id","created_at","updated_at")
                     SELECT "id","date","aircraft_id","user_id","created_at","updated_at" FROM "tests"[0m
  [1m[35m (0.5ms)[0m  [1m[35mDROP TABLE "tests"[0m
  [1m[35m (0.2ms)[0m  [1m[35mCREATE TABLE "tests" ("id" integer NOT NULL PRIMARY KEY, "date" varchar DEFAULT NULL, "aircraft_id" integer NOT NULL, "user_id" integer NOT NULL, "created_at" datetime(6) NOT NULL, "updated_at" datetime(6) NOT NULL, CONSTRAINT "fk_rails_5933254899"
FOREIGN KEY ("aircraft_id")
  REFERENCES "aircrafts" ("id")
)[0m
  [1m[35m (0.2ms)[0m  [1m[35mCREATE  INDEX "index_tests_on_aircraft_id" ON "tests" ("aircraft_id")[0m
  [1m[35m (0.2ms)[0m  [1m[35mCREATE  INDEX "index_tests_on_user_id" ON "tests" ("user_id")[0m
  [1m[35m (0.1ms)[0m  [1m[32mINSERT INTO "tests" ("id","date","aircraft_id","user_id","created_at","updated_at")
                     SELECT "id","date","aircraft_id","user_id","created_at","updated_at" FROM "atests"[0m
  [1m[35m (0.1ms)[0m  [1m[35mDROP TABLE "atests"[0m
  [1m[35m (0.2ms)[0m  [1m[35mPRAGMA defer_foreign_keys = 0[0m
  [1m[35m (0.2ms)[0m  [1m[35mPRAGMA foreign_keys = 1[0m
  [1m[35m (541.1ms)[0m  [1m[36mcommit transaction[0m
  [1m[35m (0.1ms)[0m  [1m[36mbegin transaction[0m
  [1m[35m (0.2ms)[0m  [1m[35mPRAGMA foreign_keys[0m
  [1m[35m (0.2ms)[0m  [1m[35mPRAGMA defer_foreign_keys[0m
  [1m[35m (0.1ms)[0m  [1m[35mPRAGMA defer_foreign_keys = ON[0m
  [1m[35m (0.1ms)[0m  [1m[35mPRAGMA foreign_keys = OFF[0m
  [1m[35m (0.4ms)[0m  [1m[35mCREATE TEMPORARY TABLE "atests" ("id" integer NOT NULL PRIMARY KEY, "date" varchar DEFAULT NULL, "aircraft_id" integer NOT NULL, "user_id" integer NOT NULL, "created_at" datetime(6) NOT NULL, "updated_at" datetime(6) NOT NULL)[0m
  [1m[35m (0.3ms)[0m  [1m[35mCREATE  INDEX "tindex_atests_on_user_id" ON "atests" ("user_id")[0m
  [1m[35m (0.4ms)[0m  [1m[35mCREATE  INDEX "tindex_atests_on_aircraft_id" ON "atests" ("aircraft_id")[0m
  [1m[35m (0.2ms)[0m  [1m[32mINSERT INTO "atests" ("id","date","aircraft_id","user_id","created_at","updated_at")
                     SELECT "id","date","aircraft_id","user_id","created_at","updated_at" FROM "tests"[0m
  [1m[35m (0.5ms)[0m  [1m[35mDROP TABLE "tests"[0m
  [1m[35m (0.3ms)[0m  [1m[35mCREATE TABLE "tests" ("id" integer NOT NULL PRIMARY KEY, "date" varchar DEFAULT NULL, "aircraft_id" integer NOT NULL, "user_id" integer NOT NULL, "created_at" datetime(6) NOT NULL, "updated_at" datetime(6) NOT NULL, CONSTRAINT "fk_rails_5933254899"
FOREIGN KEY ("aircraft_id")
  REFERENCES "aircrafts" ("id")
, CONSTRAINT "fk_rails_e0c5eb5e4a"
FOREIGN KEY ("user_id")
  REFERENCES "users" ("id")
)[0m
  [1m[35m (0.1ms)[0m  [1m[35mCREATE  INDEX "index_tests_on_aircraft_id" ON "tests" ("aircraft_id")[0m
  [1m[35m (0.1ms)[0m  [1m[35mCREATE  INDEX "index_tests_on_user_id" ON "tests" ("user_id")[0m
  [1m[35m (0.1ms)[0m  [1m[32mINSERT INTO "tests" ("id","date","aircraft_id","user_id","created_at","updated_at")
                     SELECT "id","date","aircraft_id","user_id","created_at","updated_at" FROM "atests"[0m
  [1m[35m (0.1ms)[0m  [1m[35mDROP TABLE "atests"[0m
  [1m[35m (0.1ms)[0m  [1m[35mPRAGMA defer_foreign_keys = 0[0m
  [1m[35m (0.0ms)[0m  [1m[35mPRAGMA foreign_keys = 1[0m
  [1m[35m (138.4ms)[0m  [1m[36mcommit transaction[0m
  [1m[35m (167.3ms)[0m  [1m[35mCREATE TABLE "schema_migrations" ("version" varchar NOT NULL PRIMARY KEY)[0m
  [1m[35m (0.2ms)[0m  [1m[34mSELECT "schema_migrations"."version" FROM "schema_migrations" ORDER BY "schema_migrations"."version" ASC[0m
  [1m[35m (114.5ms)[0m  [1m[32mINSERT INTO "schema_migrations" (version) VALUES (20200407222132)[0m
  [1m[35m (93.1ms)[0m  [1m[32mINSERT INTO "schema_migrations" (version) VALUES
(20200406065717),
(20200407210431);

[0m
  [1m[35m (130.4ms)[0m  [1m[35mCREATE TABLE "ar_internal_metadata" ("key" varchar NOT NULL PRIMARY KEY, "value" varchar, "created_at" datetime(6) NOT NULL, "updated_at" datetime(6) NOT NULL)[0m
  [1m[36mActiveRecord::InternalMetadata Load (0.5ms)[0m  [1m[34mSELECT "ar_internal_metadata".* FROM "ar_internal_metadata" WHERE "ar_internal_metadata"."key" = ? LIMIT ?[0m  [["key", "environment"], ["LIMIT", 1]]
  [1m[35m (0.1ms)[0m  [1m[36mbegin transaction[0m
  [1m[36mActiveRecord::InternalMetadata Create (0.4ms)[0m  [1m[32mINSERT INTO "ar_internal_metadata" ("key", "value", "created_at", "updated_at") VALUES (?, ?, ?, ?)[0m  [["key", "environment"], ["value", "development"], ["created_at", "2020-04-10 20:25:31.351513"], ["updated_at", "2020-04-10 20:25:31.351513"]]
  [1m[35m (123.8ms)[0m  [1m[36mcommit transaction[0m
  [1m[36mActiveRecord::InternalMetadata Load (0.3ms)[0m  [1m[34mSELECT "ar_internal_metadata".* FROM "ar_internal_metadata" WHERE "ar_internal_metadata"."key" = ? LIMIT ?[0m  [["key", "environment"], ["LIMIT", 1]]
  [1m[36mActiveRecord::InternalMetadata Load (0.3ms)[0m  [1m[34mSELECT "ar_internal_metadata".* FROM "ar_internal_metadata" WHERE "ar_internal_metadata"."key" = ? LIMIT ?[0m  [["key", "schema_sha1"], ["LIMIT", 1]]
  [1m[35m (0.1ms)[0m  [1m[36mbegin transaction[0m
  [1m[36mActiveRecord::InternalMetadata Create (0.6ms)[0m  [1m[32mINSERT INTO "ar_internal_metadata" ("key", "value", "created_at", "updated_at") VALUES (?, ?, ?, ?)[0m  [["key", "schema_sha1"], ["value", "2cfb66a2eaf3f23758bca76260001934f0a9a02f"], ["created_at", "2020-04-10 20:25:31.500107"], ["updated_at", "2020-04-10 20:25:31.500107"]]
  [1m[35m (91.0ms)[0m  [1m[36mcommit transaction[0m
  [1m[35m (0.2ms)[0m  [1m[34mSELECT sqlite_version(*)[0m
  [1m[35m (0.3ms)[0m  [1m[35mDROP TABLE IF EXISTS "aircrafts"[0m
  [1m[35m (139.3ms)[0m  [1m[35mCREATE TABLE "aircrafts" ("id" integer PRIMARY KEY AUTOINCREMENT NOT NULL, "model" varchar, "manufacturer" varchar, "category" varchar, "image" varchar, "speed" varchar, "range" varchar, "fuel" varchar, "price" varchar, "created_at" datetime(6) NOT NULL, "updated_at" datetime(6) NOT NULL)[0m
  [1m[35m (0.3ms)[0m  [1m[35mDROP TABLE IF EXISTS "tests"[0m
  [1m[35m (178.5ms)[0m  [1m[35mCREATE TABLE "tests" ("id" integer PRIMARY KEY AUTOINCREMENT NOT NULL, "date" varchar, "aircraft_id" integer NOT NULL, "user_id" integer NOT NULL, "created_at" datetime(6) NOT NULL, "updated_at" datetime(6) NOT NULL)[0m
  [1m[35m (176.3ms)[0m  [1m[35mCREATE  INDEX "index_tests_on_aircraft_id" ON "tests" ("aircraft_id")[0m
  [1m[35m (153.5ms)[0m  [1m[35mCREATE  INDEX "index_tests_on_user_id" ON "tests" ("user_id")[0m
  [1m[35m (0.3ms)[0m  [1m[35mDROP TABLE IF EXISTS "users"[0m
  [1m[35m (147.7ms)[0m  [1m[35mCREATE TABLE "users" ("id" integer PRIMARY KEY AUTOINCREMENT NOT NULL, "name" varchar, "created_at" datetime(6) NOT NULL, "updated_at" datetime(6) NOT NULL)[0m
  [1m[35m (0.1ms)[0m  [1m[36mbegin transaction[0m
  [1m[35m (0.2ms)[0m  [1m[35mPRAGMA foreign_keys[0m
  [1m[35m (0.2ms)[0m  [1m[35mPRAGMA defer_foreign_keys[0m
  [1m[35m (0.2ms)[0m  [1m[35mPRAGMA defer_foreign_keys = ON[0m
  [1m[35m (0.2ms)[0m  [1m[35mPRAGMA foreign_keys = OFF[0m
  [1m[35m (0.5ms)[0m  [1m[35mCREATE TEMPORARY TABLE "atests" ("id" integer NOT NULL PRIMARY KEY, "date" varchar DEFAULT NULL, "aircraft_id" integer NOT NULL, "user_id" integer NOT NULL, "created_at" datetime(6) NOT NULL, "updated_at" datetime(6) NOT NULL)[0m
  [1m[35m (0.2ms)[0m  [1m[35mCREATE  INDEX "tindex_atests_on_user_id" ON "atests" ("user_id")[0m
  [1m[35m (0.2ms)[0m  [1m[35mCREATE  INDEX "tindex_atests_on_aircraft_id" ON "atests" ("aircraft_id")[0m
  [1m[35m (0.1ms)[0m  [1m[32mINSERT INTO "atests" ("id","date","aircraft_id","user_id","created_at","updated_at")
                     SELECT "id","date","aircraft_id","user_id","created_at","updated_at" FROM "tests"[0m
  [1m[35m (0.4ms)[0m  [1m[35mDROP TABLE "tests"[0m
  [1m[35m (0.2ms)[0m  [1m[35mCREATE TABLE "tests" ("id" integer NOT NULL PRIMARY KEY, "date" varchar DEFAULT NULL, "aircraft_id" integer NOT NULL, "user_id" integer NOT NULL, "created_at" datetime(6) NOT NULL, "updated_at" datetime(6) NOT NULL, CONSTRAINT "fk_rails_5933254899"
FOREIGN KEY ("aircraft_id")
  REFERENCES "aircrafts" ("id")
)[0m
  [1m[35m (0.1ms)[0m  [1m[35mCREATE  INDEX "index_tests_on_aircraft_id" ON "tests" ("aircraft_id")[0m
  [1m[35m (0.1ms)[0m  [1m[35mCREATE  INDEX "index_tests_on_user_id" ON "tests" ("user_id")[0m
  [1m[35m (0.1ms)[0m  [1m[32mINSERT INTO "tests" ("id","date","aircraft_id","user_id","created_at","updated_at")
                     SELECT "id","date","aircraft_id","user_id","created_at","updated_at" FROM "atests"[0m
  [1m[35m (0.1ms)[0m  [1m[35mDROP TABLE "atests"[0m
  [1m[35m (0.1ms)[0m  [1m[35mPRAGMA defer_foreign_keys = 0[0m
  [1m[35m (0.0ms)[0m  [1m[35mPRAGMA foreign_keys = 1[0m
  [1m[35m (112.5ms)[0m  [1m[36mcommit transaction[0m
  [1m[35m (0.1ms)[0m  [1m[36mbegin transaction[0m
  [1m[35m (0.2ms)[0m  [1m[35mPRAGMA foreign_keys[0m
  [1m[35m (0.2ms)[0m  [1m[35mPRAGMA defer_foreign_keys[0m
  [1m[35m (0.2ms)[0m  [1m[35mPRAGMA defer_foreign_keys = ON[0m
  [1m[35m (0.2ms)[0m  [1m[35mPRAGMA foreign_keys = OFF[0m
  [1m[35m (0.5ms)[0m  [1m[35mCREATE TEMPORARY TABLE "atests" ("id" integer NOT NULL PRIMARY KEY, "date" varchar DEFAULT NULL, "aircraft_id" integer NOT NULL, "user_id" integer NOT NULL, "created_at" datetime(6) NOT NULL, "updated_at" datetime(6) NOT NULL)[0m
  [1m[35m (0.2ms)[0m  [1m[35mCREATE  INDEX "tindex_atests_on_user_id" ON "atests" ("user_id")[0m
  [1m[35m (0.2ms)[0m  [1m[35mCREATE  INDEX "tindex_atests_on_aircraft_id" ON "atests" ("aircraft_id")[0m
  [1m[35m (0.1ms)[0m  [1m[32mINSERT INTO "atests" ("id","date","aircraft_id","user_id","created_at","updated_at")
                     SELECT "id","date","aircraft_id","user_id","created_at","updated_at" FROM "tests"[0m
  [1m[35m (0.4ms)[0m  [1m[35mDROP TABLE "tests"[0m
  [1m[35m (0.2ms)[0m  [1m[35mCREATE TABLE "tests" ("id" integer NOT NULL PRIMARY KEY, "date" varchar DEFAULT NULL, "aircraft_id" integer NOT NULL, "user_id" integer NOT NULL, "created_at" datetime(6) NOT NULL, "updated_at" datetime(6) NOT NULL, CONSTRAINT "fk_rails_5933254899"
FOREIGN KEY ("aircraft_id")
  REFERENCES "aircrafts" ("id")
, CONSTRAINT "fk_rails_e0c5eb5e4a"
FOREIGN KEY ("user_id")
  REFERENCES "users" ("id")
)[0m
  [1m[35m (0.1ms)[0m  [1m[35mCREATE  INDEX "index_tests_on_aircraft_id" ON "tests" ("aircraft_id")[0m
  [1m[35m (0.1ms)[0m  [1m[35mCREATE  INDEX "index_tests_on_user_id" ON "tests" ("user_id")[0m
  [1m[35m (0.1ms)[0m  [1m[32mINSERT INTO "tests" ("id","date","aircraft_id","user_id","created_at","updated_at")
                     SELECT "id","date","aircraft_id","user_id","created_at","updated_at" FROM "atests"[0m
  [1m[35m (0.1ms)[0m  [1m[35mDROP TABLE "atests"[0m
  [1m[35m (0.1ms)[0m  [1m[35mPRAGMA defer_foreign_keys = 0[0m
  [1m[35m (0.1ms)[0m  [1m[35mPRAGMA foreign_keys = 1[0m
  [1m[35m (124.7ms)[0m  [1m[36mcommit transaction[0m
  [1m[35m (179.0ms)[0m  [1m[35mCREATE TABLE "schema_migrations" ("version" varchar NOT NULL PRIMARY KEY)[0m
  [1m[35m (0.4ms)[0m  [1m[34mSELECT "schema_migrations"."version" FROM "schema_migrations" ORDER BY "schema_migrations"."version" ASC[0m
  [1m[35m (131.4ms)[0m  [1m[32mINSERT INTO "schema_migrations" (version) VALUES (20200407222132)[0m
  [1m[35m (114.0ms)[0m  [1m[32mINSERT INTO "schema_migrations" (version) VALUES
(20200406065717),
(20200407210431);

[0m
  [1m[35m (137.8ms)[0m  [1m[35mCREATE TABLE "ar_internal_metadata" ("key" varchar NOT NULL PRIMARY KEY, "value" varchar, "created_at" datetime(6) NOT NULL, "updated_at" datetime(6) NOT NULL)[0m
  [1m[36mActiveRecord::InternalMetadata Load (0.5ms)[0m  [1m[34mSELECT "ar_internal_metadata".* FROM "ar_internal_metadata" WHERE "ar_internal_metadata"."key" = ? LIMIT ?[0m  [["key", "environment"], ["LIMIT", 1]]
  [1m[35m (0.2ms)[0m  [1m[36mbegin transaction[0m
  [1m[36mActiveRecord::InternalMetadata Create (0.6ms)[0m  [1m[32mINSERT INTO "ar_internal_metadata" ("key", "value", "created_at", "updated_at") VALUES (?, ?, ?, ?)[0m  [["key", "environment"], ["value", "development"], ["created_at", "2020-04-10 20:25:33.397414"], ["updated_at", "2020-04-10 20:25:33.397414"]]
  [1m[35m (89.4ms)[0m  [1m[36mcommit transaction[0m
  [1m[36mActiveRecord::InternalMetadata Load (0.3ms)[0m  [1m[34mSELECT "ar_internal_metadata".* FROM "ar_internal_metadata" WHERE "ar_internal_metadata"."key" = ? LIMIT ?[0m  [["key", "environment"], ["LIMIT", 1]]
  [1m[35m (0.2ms)[0m  [1m[36mbegin transaction[0m
  [1m[36mActiveRecord::InternalMetadata Update (0.7ms)[0m  [1m[33mUPDATE "ar_internal_metadata" SET "value" = ?, "updated_at" = ? WHERE "ar_internal_metadata"."key" = ?[0m  [["value", "test"], ["updated_at", "2020-04-10 20:25:33.508684"], ["key", "environment"]]
  [1m[35m (64.8ms)[0m  [1m[36mcommit transaction[0m
  [1m[36mActiveRecord::InternalMetadata Load (0.3ms)[0m  [1m[34mSELECT "ar_internal_metadata".* FROM "ar_internal_metadata" WHERE "ar_internal_metadata"."key" = ? LIMIT ?[0m  [["key", "schema_sha1"], ["LIMIT", 1]]
  [1m[35m (0.2ms)[0m  [1m[36mbegin transaction[0m
  [1m[36mActiveRecord::InternalMetadata Create (0.5ms)[0m  [1m[32mINSERT INTO "ar_internal_metadata" ("key", "value", "created_at", "updated_at") VALUES (?, ?, ?, ?)[0m  [["key", "schema_sha1"], ["value", "2cfb66a2eaf3f23758bca76260001934f0a9a02f"], ["created_at", "2020-04-10 20:25:33.596736"], ["updated_at", "2020-04-10 20:25:33.596736"]]
  [1m[35m (78.9ms)[0m  [1m[36mcommit transaction[0m
  [1m[35m (0.2ms)[0m  [1m[34mSELECT sqlite_version(*)[0m
  [1m[35m (0.4ms)[0m  [1m[34mSELECT "schema_migrations"."version" FROM "schema_migrations" ORDER BY "schema_migrations"."version" ASC[0m
  [1m[35m (0.2ms)[0m  [1m[34mSELECT sqlite_version(*)[0m
  [1m[35m (0.1ms)[0m  [1m[36mbegin transaction[0m
  [1m[36mAircraft Create (0.4ms)[0m  [1m[32mINSERT INTO "aircrafts" ("model", "manufacturer", "category", "image", "speed", "range", "fuel", "price", "created_at", "updated_at") VALUES (?, ?, ?, ?, ?, ?, ?, ?, ?, ?)[0m  [["model", "Citation Longitude"], ["manufacturer", "Cesnna"], ["category", "Jet"], ["image", "https://i.ibb.co/TRN0xgG/cesnna-Jet.png"], ["speed", "465 kts - 861 km/h"], ["range", "3500 nm - 6482 km"], ["fuel", "1.84 nm/g - 0.783 km/l"], ["price", "US$ 26 million"], ["created_at", "2020-04-10 20:25:33.784649"], ["updated_at", "2020-04-10 20:25:33.784649"]]
  [1m[35m (73.7ms)[0m  [1m[36mcommit transaction[0m
  [1m[35m (0.2ms)[0m  [1m[36mbegin transaction[0m
  [1m[36mAircraft Create (0.9ms)[0m  [1m[32mINSERT INTO "aircrafts" ("model", "manufacturer", "category", "image", "speed", "range", "fuel", "price", "created_at", "updated_at") VALUES (?, ?, ?, ?, ?, ?, ?, ?, ?, ?)[0m  [["model", "G280"], ["manufacturer", "Gulfstream"], ["category", "Jet"], ["image", "https://i.ibb.co/gJRphLQ/gulfstream.png"], ["speed", "528 kts - 978 km/h"], ["range", "3400 nm - 6297 km"], ["fuel", "1.79 nm/g - 0.763 km/l"], ["price", "US$ 24 million"], ["created_at", "2020-04-10 20:25:33.870552"], ["updated_at", "2020-04-10 20:25:33.870552"]]
  [1m[35m (70.0ms)[0m  [1m[36mcommit transaction[0m
  [1m[35m (0.2ms)[0m  [1m[36mbegin transaction[0m
  [1m[36mAircraft Create (0.8ms)[0m  [1m[32mINSERT INTO "aircrafts" ("model", "manufacturer", "category", "image", "speed", "range", "fuel", "price", "created_at", "updated_at") VALUES (?, ?, ?, ?, ?, ?, ?, ?, ?, ?)[0m  [["model", "407GX"], ["manufacturer", "Bell"], ["category", "Helicopter"], ["image", "https://i.ibb.co/6YC3GhZ/bell.png"], ["speed", "132 kts - 244 km/h"], ["range", "323 nm - 598 km"], ["fuel", "3.39 nm/g - 1.659 km/l"], ["price", "US$ 2.6 million"], ["created_at", "2020-04-10 20:25:33.957185"], ["updated_at", "2020-04-10 20:25:33.957185"]]
  [1m[35m (83.2ms)[0m  [1m[36mcommit transaction[0m
  [1m[35m (0.2ms)[0m  [1m[36mbegin transaction[0m
  [1m[36mAircraft Create (0.8ms)[0m  [1m[32mINSERT INTO "aircrafts" ("model", "manufacturer", "category", "image", "speed", "range", "fuel", "price", "created_at", "updated_at") VALUES (?, ?, ?, ?, ?, ?, ?, ?, ?, ?)[0m  [["model", "Caravan"], ["manufacturer", "Cessna"], ["category", "Amphibian"], ["image", "https://i.ibb.co/kKWLNHg/cesnna-Amphibian.png"], ["speed", "162 kts - 300 km/h"], ["range", "790 nm - 1493 km"], ["fuel", "2.36 nm/g - 1.155 km/l"], ["price", "US$ 1.8 million"], ["created_at", "2020-04-10 20:25:34.058039"], ["updated_at", "2020-04-10 20:25:34.058039"]]
  [1m[35m (82.3ms)[0m  [1m[36mcommit transaction[0m
  [1m[35m (0.1ms)[0m  [1m[36mbegin transaction[0m
  [1m[36mUser Create (0.4ms)[0m  [1m[32mINSERT INTO "users" ("name", "created_at", "updated_at") VALUES (?, ?, ?)[0m  [["name", "marcos"], ["created_at", "2020-04-10 20:25:34.176477"], ["updated_at", "2020-04-10 20:25:34.176477"]]
  [1m[35m (101.7ms)[0m  [1m[36mcommit transaction[0m
  [1m[35m (0.1ms)[0m  [1m[36mbegin transaction[0m
  [1m[36mUser Create (0.2ms)[0m  [1m[32mINSERT INTO "users" ("name", "created_at", "updated_at") VALUES (?, ?, ?)[0m  [["name", "ingrid"], ["created_at", "2020-04-10 20:25:34.285780"], ["updated_at", "2020-04-10 20:25:34.285780"]]
  [1m[35m (92.7ms)[0m  [1m[36mcommit transaction[0m
  [1m[35m (0.2ms)[0m  [1m[36mbegin transaction[0m
  [1m[36mAircraft Load (0.6ms)[0m  [1m[34mSELECT "aircrafts".* FROM "aircrafts" WHERE "aircrafts"."id" = ? LIMIT ?[0m  [["id", 1], ["LIMIT", 1]]
  [1m[36mUser Load (0.3ms)[0m  [1m[34mSELECT "users".* FROM "users" WHERE "users"."id" = ? LIMIT ?[0m  [["id", 1], ["LIMIT", 1]]
  [1m[36mTest Create (0.5ms)[0m  [1m[32mINSERT INTO "tests" ("date", "aircraft_id", "user_id", "created_at", "updated_at") VALUES (?, ?, ?, ?, ?)[0m  [["date", "some date"], ["aircraft_id", 1], ["user_id", 1], ["created_at", "2020-04-10 20:25:34.485888"], ["updated_at", "2020-04-10 20:25:34.485888"]]
  [1m[35m (135.5ms)[0m  [1m[36mcommit transaction[0m
  [1m[35m (0.3ms)[0m  [1m[36mbegin transaction[0m
  [1m[36mAircraft Load (0.3ms)[0m  [1m[34mSELECT "aircrafts".* FROM "aircrafts" WHERE "aircrafts"."id" = ? LIMIT ?[0m  [["id", 2], ["LIMIT", 1]]
  [1m[36mUser Load (0.2ms)[0m  [1m[34mSELECT "users".* FROM "users" WHERE "users"."id" = ? LIMIT ?[0m  [["id", 2], ["LIMIT", 1]]
  [1m[36mTest Create (0.7ms)[0m  [1m[32mINSERT INTO "tests" ("date", "aircraft_id", "user_id", "created_at", "updated_at") VALUES (?, ?, ?, ?, ?)[0m  [["date", "some date"], ["aircraft_id", 2], ["user_id", 2], ["created_at", "2020-04-10 20:25:34.646044"], ["updated_at", "2020-04-10 20:25:34.646044"]]
  [1m[35m (130.8ms)[0m  [1m[36mcommit transaction[0m
Started GET "/api/v1/tests.json" for 127.0.0.1 at 2020-04-10 17:25:47 -0300
Started GET "/api/v1/users.json" for 127.0.0.1 at 2020-04-10 17:25:47 -0300
Started GET "/api/v1/aircrafts.json" for 127.0.0.1 at 2020-04-10 17:25:47 -0300
  [1m[35m (2.1ms)[0m  [1m[34mSELECT sqlite_version(*)[0m
  [1m[35m (0.2ms)[0m  [1m[34mSELECT sqlite_version(*)[0m
  [1m[35m (0.3ms)[0m  [1m[34mSELECT "schema_migrations"."version" FROM "schema_migrations" ORDER BY "schema_migrations"."version" ASC[0m
  [1m[35m (0.2ms)[0m  [1m[34mSELECT sqlite_version(*)[0m
  [1m[35m (0.1ms)[0m  [1m[34mSELECT "schema_migrations"."version" FROM "schema_migrations" ORDER BY "schema_migrations"."version" ASC[0m
Processing by Api::V1::UsersController#index as JSON
Processing by Api::V1::AircraftsController#index as JSON
Processing by Api::V1::TestsController#index as JSON
  [1m[36mAircraft Load (0.4ms)[0m  [1m[34mSELECT "aircrafts".* FROM "aircrafts"[0m
  [1m[36mTest Load (0.3ms)[0m  [1m[34mSELECT "tests".* FROM "tests"[0m
  ↳ app/controllers/api/v1/tests_controller.rb:3:in `index'
  [1m[36mUser Load (0.2ms)[0m  [1m[34mSELECT "users".* FROM "users"[0m
  ↳ app/controllers/api/v1/aircrafts_controller.rb:3:in `index'
Completed 200 OK in 61ms (Views: 19.0ms | ActiveRecord: 1.6ms | Allocations: 10571)


  ↳ app/controllers/api/v1/users_controller.rb:3:in `index'
Completed 200 OK in 107ms (Views: 49.4ms | ActiveRecord: 2.8ms | Allocations: 18940)


Completed 200 OK in 146ms (Views: 69.8ms | ActiveRecord: 0.9ms | Allocations: 23280)


